This file contains any messages produced by compilers while
running configure, to aid debugging if configure makes a mistake.

It was created by configure, which was
generated by GNU Autoconf 2.61.  Invocation command line was

  $ ./configure 

## --------- ##
## Platform. ##
## --------- ##

hostname = bscgrid04
uname -m = i686
uname -r = 2.6.22.19-0.4-default
uname -s = Linux
uname -v = #1 SMP 2009-08-14 02:09:16 +0200

/usr/bin/uname -p = unknown
/bin/uname -X     = unknown

/bin/arch              = i686
/usr/bin/arch -k       = unknown
/usr/convex/getsysinfo = unknown
/usr/bin/hostinfo      = unknown
/bin/machine           = unknown
/usr/bin/oslevel       = unknown
/bin/universe          = unknown

PATH: /home/rrafanel/jdk1.6.0_07/bin
PATH: /home/rrafanel/bin
PATH: /usr/local/bin
PATH: /usr/bin
PATH: /bin
PATH: /usr/bin/X11
PATH: /usr/X11R6/bin
PATH: /usr/games
PATH: /opt/kde3/bin
PATH: /usr/lib/jvm/jre/bin
PATH: /usr/lib/mit/bin
PATH: /usr/lib/mit/sbin
PATH: /home/rrafanel/COMPSs/bin
PATH: /home/rrafanel/apache-ant-1.7.1/bin
PATH: /home/rrafanel/cdo/bin


## ----------- ##
## Core tests. ##
## ----------- ##

configure:2003: checking for a BSD-compatible install
configure:2059: result: /usr/bin/install -c
configure:2070: checking whether build environment is sane
configure:2113: result: yes
configure:2141: checking for a thread-safe mkdir -p
configure:2180: result: /bin/mkdir -p
configure:2193: checking for gawk
configure:2209: found /usr/bin/gawk
configure:2220: result: gawk
configure:2231: checking whether make sets $(MAKE)
configure:2252: result: yes
configure:2471: checking build system type
configure:2489: result: i686-pc-linux-gnu
configure:2511: checking host system type
configure:2526: result: i686-pc-linux-gnu
configure:2560: checking for style of include used by make
configure:2588: result: GNU
configure:2658: checking for gcc
configure:2674: found /usr/bin/gcc
configure:2685: result: gcc
configure:2923: checking for C compiler version
configure:2930: gcc --version >&5
gcc (GCC) 4.2.1 (SUSE Linux)
Copyright (C) 2007 Free Software Foundation, Inc.
This is free software; see the source for copying conditions.  There is NO
warranty; not even for MERCHANTABILITY or FITNESS FOR A PARTICULAR PURPOSE.

configure:2933: $? = 0
configure:2940: gcc -v >&5
Using built-in specs.
Target: i586-suse-linux
Configured with: ../configure --enable-threads=posix --prefix=/usr --with-local-prefix=/usr/local --infodir=/usr/share/info --mandir=/usr/share/man --libdir=/usr/lib --libexecdir=/usr/lib --enable-languages=c,c++,objc,fortran,obj-c++,java,ada --enable-checking=release --with-gxx-include-dir=/usr/include/c++/4.2.1 --enable-ssp --disable-libssp --disable-libgcj --with-slibdir=/lib --with-system-zlib --enable-shared --enable-__cxa_atexit --enable-libstdcxx-allocator=new --disable-libstdcxx-pch --program-suffix=-4.2 --enable-version-specific-runtime-libs --without-system-libunwind --with-cpu=generic --host=i586-suse-linux
Thread model: posix
gcc version 4.2.1 (SUSE Linux)
configure:2943: $? = 0
configure:2950: gcc -V >&5
gcc: '-V' option must have argument
configure:2953: $? = 1
configure:2976: checking for C compiler default output file name
configure:3003: gcc    conftest.c  >&5
configure:3006: $? = 0
configure:3044: result: a.out
configure:3061: checking whether the C compiler works
configure:3071: ./a.out
configure:3074: $? = 0
configure:3091: result: yes
configure:3098: checking whether we are cross compiling
configure:3100: result: no
configure:3103: checking for suffix of executables
configure:3110: gcc -o conftest    conftest.c  >&5
configure:3113: $? = 0
configure:3137: result: 
configure:3143: checking for suffix of object files
configure:3169: gcc -c   conftest.c >&5
configure:3172: $? = 0
configure:3195: result: o
configure:3199: checking whether we are using the GNU C compiler
configure:3228: gcc -c   conftest.c >&5
configure:3234: $? = 0
configure:3251: result: yes
configure:3256: checking whether gcc accepts -g
configure:3286: gcc -c -g  conftest.c >&5
configure:3292: $? = 0
configure:3391: result: yes
configure:3408: checking for gcc option to accept ISO C89
configure:3482: gcc  -c -g -O2  conftest.c >&5
configure:3488: $? = 0
configure:3511: result: none needed
configure:3531: checking dependency style of gcc
configure:3622: result: none
configure:3637: checking for a sed that does not truncate output
configure:3716: result: /usr/bin/sed
configure:3734: checking for grep that handles long lines and -e
configure:3808: result: /usr/bin/grep
configure:3813: checking for egrep
configure:3891: result: /usr/bin/grep -E
configure:3896: checking for fgrep
configure:3974: result: /usr/bin/grep -F
configure:4009: checking for ld used by gcc
configure:4076: result: /usr/i586-suse-linux/bin/ld
configure:4085: checking if the linker (/usr/i586-suse-linux/bin/ld) is GNU ld
configure:4100: result: yes
configure:4112: checking for BSD- or MS-compatible name lister (nm)
configure:4161: result: /usr/bin/nm -B
configure:4283: checking the name lister (/usr/bin/nm -B) interface
configure:4290: gcc -c -g -O2  conftest.c >&5
configure:4293: /usr/bin/nm -B "conftest.o"
configure:4296: output
00000000 B some_variable
configure:4303: result: BSD nm
configure:4306: checking whether ln -s works
configure:4310: result: yes
configure:4318: checking the maximum length of command line arguments
configure:4438: result: 98304
configure:4455: checking whether the shell understands some XSI constructs
configure:4465: result: yes
configure:4469: checking whether the shell understands "+="
configure:4475: result: yes
configure:4510: checking for /usr/i586-suse-linux/bin/ld option to reload object files
configure:4517: result: -r
configure:4544: checking how to recognize dependent libraries
configure:4734: result: pass_all
configure:4794: checking for ar
configure:4810: found /usr/bin/ar
configure:4821: result: ar
configure:4903: checking for strip
configure:4919: found /usr/bin/strip
configure:4930: result: strip
configure:5006: checking for ranlib
configure:5022: found /usr/bin/ranlib
configure:5033: result: ranlib
configure:5127: checking command to parse /usr/bin/nm -B output from gcc object
configure:5245: gcc -c -g -O2  conftest.c >&5
configure:5248: $? = 0
configure:5252: /usr/bin/nm -B conftest.o \| sed -n -e 's/^.*[	 ]\([ABCDGIRSTW][ABCDGIRSTW]*\)[	 ][	 ]*\([_A-Za-z][_A-Za-z0-9]*\)$/\1 \2 \2/p' \> conftest.nm
configure:5255: $? = 0
configure:5309: gcc -o conftest -g -O2   conftest.c conftstm.o >&5
configure:5312: $? = 0
configure:5350: result: ok
configure:6229: checking how to run the C preprocessor
configure:6269: gcc -E  conftest.c
configure:6275: $? = 0
configure:6306: gcc -E  conftest.c
conftest.c:10:28: error: ac_nonexistent.h: No such file or directory
configure:6312: $? = 1
configure: failed program was:
| /* confdefs.h.  */
| #define PACKAGE_NAME ""
| #define PACKAGE_TARNAME ""
| #define PACKAGE_VERSION ""
| #define PACKAGE_STRING ""
| #define PACKAGE_BUGREPORT ""
| #define PACKAGE "gridsuperscalar"
| #define VERSION "0.0.0"
| /* end confdefs.h.  */
| #include <ac_nonexistent.h>
configure:6345: result: gcc -E
configure:6374: gcc -E  conftest.c
configure:6380: $? = 0
configure:6411: gcc -E  conftest.c
conftest.c:10:28: error: ac_nonexistent.h: No such file or directory
configure:6417: $? = 1
configure: failed program was:
| /* confdefs.h.  */
| #define PACKAGE_NAME ""
| #define PACKAGE_TARNAME ""
| #define PACKAGE_VERSION ""
| #define PACKAGE_STRING ""
| #define PACKAGE_BUGREPORT ""
| #define PACKAGE "gridsuperscalar"
| #define VERSION "0.0.0"
| /* end confdefs.h.  */
| #include <ac_nonexistent.h>
configure:6455: checking for ANSI C header files
configure:6485: gcc -c -g -O2  conftest.c >&5
configure:6491: $? = 0
configure:6590: gcc -o conftest -g -O2   conftest.c  >&5
configure:6593: $? = 0
configure:6599: ./conftest
configure:6602: $? = 0
configure:6619: result: yes
configure:6643: checking for sys/types.h
configure:6664: gcc -c -g -O2  conftest.c >&5
configure:6670: $? = 0
configure:6686: result: yes
configure:6643: checking for sys/stat.h
configure:6664: gcc -c -g -O2  conftest.c >&5
configure:6670: $? = 0
configure:6686: result: yes
configure:6643: checking for stdlib.h
configure:6664: gcc -c -g -O2  conftest.c >&5
configure:6670: $? = 0
configure:6686: result: yes
configure:6643: checking for string.h
configure:6664: gcc -c -g -O2  conftest.c >&5
configure:6670: $? = 0
configure:6686: result: yes
configure:6643: checking for memory.h
configure:6664: gcc -c -g -O2  conftest.c >&5
configure:6670: $? = 0
configure:6686: result: yes
configure:6643: checking for strings.h
configure:6664: gcc -c -g -O2  conftest.c >&5
configure:6670: $? = 0
configure:6686: result: yes
configure:6643: checking for inttypes.h
configure:6664: gcc -c -g -O2  conftest.c >&5
configure:6670: $? = 0
configure:6686: result: yes
configure:6643: checking for stdint.h
configure:6664: gcc -c -g -O2  conftest.c >&5
configure:6670: $? = 0
configure:6686: result: yes
configure:6643: checking for unistd.h
configure:6664: gcc -c -g -O2  conftest.c >&5
configure:6670: $? = 0
configure:6686: result: yes
configure:6702: checking for dlfcn.h
configure:6723: gcc -c -g -O2  conftest.c >&5
configure:6729: $? = 0
configure:6745: result: yes
configure:6929: checking for objdir
configure:6944: result: .libs
configure:7240: checking if gcc supports -fno-rtti -fno-exceptions
configure:7258: gcc -c -g -O2  -fno-rtti -fno-exceptions conftest.c >&5
cc1: warning: command line option "-fno-rtti" is valid for C++/ObjC++ but not for C
configure:7262: $? = 0
configure:7275: result: no
configure:7295: checking for gcc option to produce PIC
configure:7552: result: -fPIC -DPIC
configure:7564: checking if gcc PIC flag -fPIC -DPIC works
configure:7582: gcc -c -g -O2  -fPIC -DPIC -DPIC conftest.c >&5
configure:7586: $? = 0
configure:7599: result: yes
configure:7623: checking if gcc static flag -static works
configure:7651: result: yes
configure:7666: checking if gcc supports -c -o file.o
configure:7687: gcc -c -g -O2  -o out/conftest2.o conftest.c >&5
configure:7691: $? = 0
configure:7713: result: yes
configure:7721: checking if gcc supports -c -o file.o
configure:7768: result: yes
configure:7801: checking whether the gcc linker (/usr/i586-suse-linux/bin/ld) supports shared libraries
configure:8855: result: yes
configure:8892: checking whether -lc should be explicitly linked in
configure:8897: gcc -c -g -O2  conftest.c >&5
configure:8900: $? = 0
configure:8915: gcc -shared conftest.o  -v -Wl,-soname -Wl,conftest -o conftest 2\>\&1 \| /usr/bin/grep  -lc  \>/dev/null 2\>\&1
configure:8918: $? = 0
configure:8930: result: no
configure:9094: checking dynamic linker characteristics
configure:9537: gcc -o conftest -g -O2   -Wl,-rpath -Wl,/foo conftest.c  >&5
configure:9543: $? = 0
configure:9773: result: GNU/Linux ld.so
configure:9875: checking how to hardcode library paths into programs
configure:9900: result: immediate
configure:10713: checking whether stripping libraries is possible
configure:10718: result: yes
configure:10753: checking if libtool supports shared libraries
configure:10755: result: yes
configure:10758: checking whether to build shared libraries
configure:10779: result: yes
configure:10782: checking whether to build static libraries
configure:10786: result: yes
configure:10823: checking host system type
configure:10838: result: i686-pc-linux-gnu
configure:10861: checking if we should activate AIX workarounds
configure:10876: result: no
configure:10930: checking for gcc
configure:10957: result: gcc
configure:11195: checking for C compiler version
configure:11202: gcc --version >&5
gcc (GCC) 4.2.1 (SUSE Linux)
Copyright (C) 2007 Free Software Foundation, Inc.
This is free software; see the source for copying conditions.  There is NO
warranty; not even for MERCHANTABILITY or FITNESS FOR A PARTICULAR PURPOSE.

configure:11205: $? = 0
configure:11212: gcc -v >&5
Using built-in specs.
Target: i586-suse-linux
Configured with: ../configure --enable-threads=posix --prefix=/usr --with-local-prefix=/usr/local --infodir=/usr/share/info --mandir=/usr/share/man --libdir=/usr/lib --libexecdir=/usr/lib --enable-languages=c,c++,objc,fortran,obj-c++,java,ada --enable-checking=release --with-gxx-include-dir=/usr/include/c++/4.2.1 --enable-ssp --disable-libssp --disable-libgcj --with-slibdir=/lib --with-system-zlib --enable-shared --enable-__cxa_atexit --enable-libstdcxx-allocator=new --disable-libstdcxx-pch --program-suffix=-4.2 --enable-version-specific-runtime-libs --without-system-libunwind --with-cpu=generic --host=i586-suse-linux
Thread model: posix
gcc version 4.2.1 (SUSE Linux)
configure:11215: $? = 0
configure:11222: gcc -V >&5
gcc: '-V' option must have argument
configure:11225: $? = 1
configure:11228: checking whether we are using the GNU C compiler
configure:11280: result: yes
configure:11285: checking whether gcc accepts -g
configure:11420: result: yes
configure:11437: checking for gcc option to accept ISO C89
configure:11540: result: none needed
configure:11560: checking dependency style of gcc
configure:11651: result: none
configure:11724: checking for g++
configure:11740: found /usr/bin/g++
configure:11751: result: g++
configure:11782: checking for C++ compiler version
configure:11789: g++ --version >&5
g++ (GCC) 4.2.1 (SUSE Linux)
Copyright (C) 2007 Free Software Foundation, Inc.
This is free software; see the source for copying conditions.  There is NO
warranty; not even for MERCHANTABILITY or FITNESS FOR A PARTICULAR PURPOSE.

configure:11792: $? = 0
configure:11799: g++ -v >&5
Using built-in specs.
Target: i586-suse-linux
Configured with: ../configure --enable-threads=posix --prefix=/usr --with-local-prefix=/usr/local --infodir=/usr/share/info --mandir=/usr/share/man --libdir=/usr/lib --libexecdir=/usr/lib --enable-languages=c,c++,objc,fortran,obj-c++,java,ada --enable-checking=release --with-gxx-include-dir=/usr/include/c++/4.2.1 --enable-ssp --disable-libssp --disable-libgcj --with-slibdir=/lib --with-system-zlib --enable-shared --enable-__cxa_atexit --enable-libstdcxx-allocator=new --disable-libstdcxx-pch --program-suffix=-4.2 --enable-version-specific-runtime-libs --without-system-libunwind --with-cpu=generic --host=i586-suse-linux
Thread model: posix
gcc version 4.2.1 (SUSE Linux)
configure:11802: $? = 0
configure:11809: g++ -V >&5
g++: '-V' option must have argument
configure:11812: $? = 1
configure:11815: checking whether we are using the GNU C++ compiler
configure:11844: g++ -c   conftest.cpp >&5
configure:11850: $? = 0
configure:11867: result: yes
configure:11872: checking whether g++ accepts -g
configure:11902: g++ -c -g  conftest.cpp >&5
configure:11908: $? = 0
configure:12007: result: yes
configure:12032: checking dependency style of g++
configure:12123: result: none
configure:12255: checking for C++ compiler version
configure:12262: g++ --version >&5
g++ (GCC) 4.2.1 (SUSE Linux)
Copyright (C) 2007 Free Software Foundation, Inc.
This is free software; see the source for copying conditions.  There is NO
warranty; not even for MERCHANTABILITY or FITNESS FOR A PARTICULAR PURPOSE.

configure:12265: $? = 0
configure:12272: g++ -v >&5
Using built-in specs.
Target: i586-suse-linux
Configured with: ../configure --enable-threads=posix --prefix=/usr --with-local-prefix=/usr/local --infodir=/usr/share/info --mandir=/usr/share/man --libdir=/usr/lib --libexecdir=/usr/lib --enable-languages=c,c++,objc,fortran,obj-c++,java,ada --enable-checking=release --with-gxx-include-dir=/usr/include/c++/4.2.1 --enable-ssp --disable-libssp --disable-libgcj --with-slibdir=/lib --with-system-zlib --enable-shared --enable-__cxa_atexit --enable-libstdcxx-allocator=new --disable-libstdcxx-pch --program-suffix=-4.2 --enable-version-specific-runtime-libs --without-system-libunwind --with-cpu=generic --host=i586-suse-linux
Thread model: posix
gcc version 4.2.1 (SUSE Linux)
configure:12275: $? = 0
configure:12282: g++ -V >&5
g++: '-V' option must have argument
configure:12285: $? = 1
configure:12288: checking whether we are using the GNU C++ compiler
configure:12340: result: yes
configure:12345: checking whether g++ accepts -g
configure:12480: result: yes
configure:12505: checking dependency style of g++
configure:12596: result: none
configure:12619: checking how to run the C++ preprocessor
configure:12655: g++ -E  conftest.cpp
configure:12661: $? = 0
configure:12692: g++ -E  conftest.cpp
conftest.cpp:22:28: error: ac_nonexistent.h: No such file or directory
configure:12698: $? = 1
configure: failed program was:
| /* confdefs.h.  */
| #define PACKAGE_NAME ""
| #define PACKAGE_TARNAME ""
| #define PACKAGE_VERSION ""
| #define PACKAGE_STRING ""
| #define PACKAGE_BUGREPORT ""
| #define PACKAGE "gridsuperscalar"
| #define VERSION "0.0.0"
| #define STDC_HEADERS 1
| #define HAVE_SYS_TYPES_H 1
| #define HAVE_SYS_STAT_H 1
| #define HAVE_STDLIB_H 1
| #define HAVE_STRING_H 1
| #define HAVE_MEMORY_H 1
| #define HAVE_STRINGS_H 1
| #define HAVE_INTTYPES_H 1
| #define HAVE_STDINT_H 1
| #define HAVE_UNISTD_H 1
| #define HAVE_DLFCN_H 1
| #define LT_OBJDIR ".libs/"
| /* end confdefs.h.  */
| #include <ac_nonexistent.h>
configure:12731: result: g++ -E
configure:12760: g++ -E  conftest.cpp
configure:12766: $? = 0
configure:12797: g++ -E  conftest.cpp
conftest.cpp:22:28: error: ac_nonexistent.h: No such file or directory
configure:12803: $? = 1
configure: failed program was:
| /* confdefs.h.  */
| #define PACKAGE_NAME ""
| #define PACKAGE_TARNAME ""
| #define PACKAGE_VERSION ""
| #define PACKAGE_STRING ""
| #define PACKAGE_BUGREPORT ""
| #define PACKAGE "gridsuperscalar"
| #define VERSION "0.0.0"
| #define STDC_HEADERS 1
| #define HAVE_SYS_TYPES_H 1
| #define HAVE_SYS_STAT_H 1
| #define HAVE_STDLIB_H 1
| #define HAVE_STRING_H 1
| #define HAVE_MEMORY_H 1
| #define HAVE_STRINGS_H 1
| #define HAVE_INTTYPES_H 1
| #define HAVE_STDINT_H 1
| #define HAVE_UNISTD_H 1
| #define HAVE_DLFCN_H 1
| #define LT_OBJDIR ".libs/"
| /* end confdefs.h.  */
| #include <ac_nonexistent.h>
configure:12977: checking for ld used by g++
configure:13044: result: /usr/i586-suse-linux/bin/ld
configure:13053: checking if the linker (/usr/i586-suse-linux/bin/ld) is GNU ld
configure:13068: result: yes
configure:13123: checking whether the g++ linker (/usr/i586-suse-linux/bin/ld) supports shared libraries
configure:14085: result: yes
configure:14113: g++ -c -g -O2  conftest.cpp >&5
configure:14116: $? = 0
configure:14298: checking for g++ option to produce PIC
configure:14607: result: -fPIC -DPIC
configure:14616: checking if g++ PIC flag -fPIC -DPIC works
configure:14634: g++ -c -g -O2  -fPIC -DPIC -DPIC conftest.cpp >&5
configure:14638: $? = 0
configure:14651: result: yes
configure:14672: checking if g++ static flag -static works
configure:14700: result: yes
configure:14712: checking if g++ supports -c -o file.o
configure:14733: g++ -c -g -O2  -o out/conftest2.o conftest.cpp >&5
configure:14737: $? = 0
configure:14759: result: yes
configure:14764: checking if g++ supports -c -o file.o
configure:14811: result: yes
configure:14841: checking whether the g++ linker (/usr/i586-suse-linux/bin/ld) supports shared libraries
configure:14867: result: yes
configure:15004: checking dynamic linker characteristics
configure:15395: g++ -o conftest -g -O2   -Wl,-rpath -Wl,/foo conftest.cpp  >&5
configure:15401: $? = 0
configure:15631: result: GNU/Linux ld.so
configure:15682: checking how to hardcode library paths into programs
configure:15707: result: immediate
configure:15758: checking for ld used by gcc
configure:15825: result: /usr/i586-suse-linux/bin/ld
configure:15834: checking if the linker (/usr/i586-suse-linux/bin/ld) is GNU ld
configure:15849: result: yes
configure:15871: checking for a BSD-compatible install
configure:15927: result: /usr/bin/install -c
configure:15938: checking whether ln -s works
configure:15942: result: yes
configure:15951: checking for /usr/i586-suse-linux/bin/ld
configure:15982: result: /usr/i586-suse-linux/bin/ld
configure:15992: checking for chmod
configure:16010: found /bin/chmod
configure:16023: result: /bin/chmod
configure:16033: checking for autoheader
configure:16051: found /usr/bin/autoheader
configure:16064: result: /usr/bin/autoheader
configure:16074: checking for aclocal
configure:16092: found /usr/bin/aclocal
configure:16105: result: /usr/bin/aclocal
configure:16115: checking for automake
configure:16133: found /usr/bin/automake
configure:16146: result: /usr/bin/automake
configure:16156: checking for autoconf
configure:16174: found /usr/bin/autoconf
configure:16187: result: /usr/bin/autoconf
configure:16197: checking for autoreconf
configure:16215: found /usr/bin/autoreconf
configure:16228: result: /usr/bin/autoreconf
configure:16238: checking for libtoolize
configure:16256: found /usr/bin/libtoolize
configure:16269: result: /usr/bin/libtoolize
configure:16279: checking for make
configure:16297: found /usr/bin/make
configure:16310: result: /usr/bin/make
configure:16320: checking for cp
configure:16338: found /bin/cp
configure:16351: result: /bin/cp
configure:16361: checking for cat
configure:16379: found /bin/cat
configure:16392: result: /bin/cat
configure:16402: checking for ssh
configure:16420: found /usr/bin/ssh
configure:16433: result: /usr/bin/ssh
configure:16443: checking for bash
configure:16474: result: /bin/sh
configure:16484: checking for java
configure:16502: found /home/rrafanel/jdk1.6.0_07/bin/java
configure:16515: result: /home/rrafanel/jdk1.6.0_07/bin/java
configure:16525: checking for rm
configure:16543: found /bin/rm
configure:16556: result: /bin/rm
configure:16566: checking for mkdir
configure:16584: found /bin/mkdir
configure:16597: result: /bin/mkdir
configure:16607: checking for mv
configure:16625: found /bin/mv
configure:16638: result: /bin/mv
configure:16648: checking for touch
configure:16666: found /usr/bin/touch
configure:16679: result: /usr/bin/touch
configure:16689: checking for sed
configure:16720: result: /usr/bin/sed
configure:16736: checking the execution environment
configure:16755: result: taking default value, GRID
configure:16916: checking the gsbuild runtime path
configure:16928: result: /usr/bin:/usr/i586-suse-linux/bin:
configure:16936: checking for qsub
configure:16967: result: none
configure:16977: checking for llsubmit
configure:17008: result: none
configure:17018: checking for mnsubmit
configure:17049: result: none
configure:17057: WARNING:  queue job submission program missing 
configure:17060: checking classads
configure:17064: checking if the classads prefix has been specified
configure:17080: result: no
configure:17309: checking whether to enable maintainer-specific portions of Makefiles
configure:17318: result: no
configure:17333: checking where to look for perl
configure:17397: result: no
configure:20155: creating ./config.status

## ---------------------- ##
## Running config.status. ##
## ---------------------- ##

This file was extended by config.status, which was
generated by GNU Autoconf 2.61.  Invocation command line was

  CONFIG_FILES    = 
  CONFIG_HEADERS  = 
  CONFIG_LINKS    = 
  CONFIG_COMMANDS = 
  $ ./config.status 

on bscgrid04

config.status:926: creating gsjavabuild
config.status:1117: executing depfiles commands
config.status:1117: executing libtool commands
configure:22647: creating ./config.status

## ---------------------- ##
## Running config.status. ##
## ---------------------- ##

This file was extended by config.status, which was
generated by GNU Autoconf 2.61.  Invocation command line was

  CONFIG_FILES    = 
  CONFIG_HEADERS  = 
  CONFIG_LINKS    = 
  CONFIG_COMMANDS = 
  $ ./config.status 

on bscgrid04

config.status:931: creating gsjavabuild
config.status:931: creating Makefile
config.status:931: creating gsbuild
config.status:931: creating build/scripts/build_worker_scripts.sh
config.status:931: creating etc/Makefile
config.status:1122: executing depfiles commands
config.status:1122: executing libtool commands

## ---------------- ##
## Cache variables. ##
## ---------------- ##

ac_cv_build=i686-pc-linux-gnu
ac_cv_c_compiler_gnu=yes
ac_cv_cxx_compiler_gnu=yes
ac_cv_env_CCC_set=
ac_cv_env_CCC_value=
ac_cv_env_CC_set=
ac_cv_env_CC_value=
ac_cv_env_CFLAGS_set=
ac_cv_env_CFLAGS_value=
ac_cv_env_CPPFLAGS_set=
ac_cv_env_CPPFLAGS_value=
ac_cv_env_CPP_set=
ac_cv_env_CPP_value=
ac_cv_env_CXXCPP_set=
ac_cv_env_CXXCPP_value=
ac_cv_env_CXXFLAGS_set=
ac_cv_env_CXXFLAGS_value=
ac_cv_env_CXX_set=
ac_cv_env_CXX_value=
ac_cv_env_LDFLAGS_set=
ac_cv_env_LDFLAGS_value=
ac_cv_env_LIBS_set=
ac_cv_env_LIBS_value=
ac_cv_env_build_alias_set=
ac_cv_env_build_alias_value=
ac_cv_env_host_alias_set=
ac_cv_env_host_alias_value=
ac_cv_env_target_alias_set=
ac_cv_env_target_alias_value=
ac_cv_header_dlfcn_h=yes
ac_cv_header_inttypes_h=yes
ac_cv_header_memory_h=yes
ac_cv_header_stdc=yes
ac_cv_header_stdint_h=yes
ac_cv_header_stdlib_h=yes
ac_cv_header_string_h=yes
ac_cv_header_strings_h=yes
ac_cv_header_sys_stat_h=yes
ac_cv_header_sys_types_h=yes
ac_cv_header_unistd_h=yes
ac_cv_host=i686-pc-linux-gnu
ac_cv_objext=o
ac_cv_path_ACLOCAL=/usr/bin/aclocal
ac_cv_path_AUTOCONF=/usr/bin/autoconf
ac_cv_path_AUTOHEADER=/usr/bin/autoheader
ac_cv_path_AUTOMAKE=/usr/bin/automake
ac_cv_path_AUTORECONF=/usr/bin/autoreconf
ac_cv_path_BASH=/bin/sh
ac_cv_path_CAT=/bin/cat
ac_cv_path_CHMOD=/bin/chmod
ac_cv_path_CP=/bin/cp
ac_cv_path_EGREP='/usr/bin/grep -E'
ac_cv_path_FGREP='/usr/bin/grep -F'
ac_cv_path_GREP=/usr/bin/grep
ac_cv_path_JAVA=/home/rrafanel/jdk1.6.0_07/bin/java
ac_cv_path_LD=/usr/i586-suse-linux/bin/ld
ac_cv_path_LIBTOOLIZE=/usr/bin/libtoolize
ac_cv_path_MAKE=/usr/bin/make
ac_cv_path_MKDIR=/bin/mkdir
ac_cv_path_MV=/bin/mv
ac_cv_path_QUEUE_SUBMIT_LL=none
ac_cv_path_QUEUE_SUBMIT_MN=none
ac_cv_path_QUEUE_SUBMIT_PBS=none
ac_cv_path_RM=/bin/rm
ac_cv_path_SED=/usr/bin/sed
ac_cv_path_SSH=/usr/bin/ssh
ac_cv_path_TOUCH=/usr/bin/touch
ac_cv_path_install='/usr/bin/install -c'
ac_cv_path_mkdir=/bin/mkdir
ac_cv_prog_AWK=gawk
ac_cv_prog_CPP='gcc -E'
ac_cv_prog_CXXCPP='g++ -E'
ac_cv_prog_ac_ct_AR=ar
ac_cv_prog_ac_ct_CC=gcc
ac_cv_prog_ac_ct_CXX=g++
ac_cv_prog_ac_ct_RANLIB=ranlib
ac_cv_prog_ac_ct_STRIP=strip
ac_cv_prog_cc_c89=
ac_cv_prog_cc_g=yes
ac_cv_prog_cxx_g=yes
ac_cv_prog_make_make_set=yes
ac_cv_use_gs_prefix=
am_cv_CC_dependencies_compiler_type=none
am_cv_CXX_dependencies_compiler_type=none
lt_cv_deplibs_check_method=pass_all
lt_cv_file_magic_cmd='$MAGIC_CMD'
lt_cv_file_magic_test_file=
lt_cv_ld_reload_flag=-r
lt_cv_nm_interface='BSD nm'
lt_cv_objdir=.libs
lt_cv_path_LD=/usr/i586-suse-linux/bin/ld
lt_cv_path_LDCXX=/usr/i586-suse-linux/bin/ld
lt_cv_path_NM='/usr/bin/nm -B'
lt_cv_prog_compiler_c_o=yes
lt_cv_prog_compiler_c_o_CXX=yes
lt_cv_prog_compiler_pic_works=yes
lt_cv_prog_compiler_pic_works_CXX=yes
lt_cv_prog_compiler_rtti_exceptions=no
lt_cv_prog_compiler_static_works=yes
lt_cv_prog_compiler_static_works_CXX=yes
lt_cv_prog_gnu_ld=yes
lt_cv_prog_gnu_ldcxx=yes
lt_cv_sys_global_symbol_pipe='sed -n -e '\''s/^.*[	 ]\([ABCDGIRSTW][ABCDGIRSTW]*\)[	 ][	 ]*\([_A-Za-z][_A-Za-z0-9]*\)$/\1 \2 \2/p'\'''
lt_cv_sys_global_symbol_to_c_name_address='sed -n -e '\''s/^: \([^ ]*\) $/  {\"\1\", (void *) 0},/p'\'' -e '\''s/^[ABCDGIRSTW]* \([^ ]*\) \([^ ]*\)$/  {"\2", (void *) \&\2},/p'\'''
lt_cv_sys_global_symbol_to_c_name_address_lib_prefix='sed -n -e '\''s/^: \([^ ]*\) $/  {\"\1\", (void *) 0},/p'\'' -e '\''s/^[ABCDGIRSTW]* \([^ ]*\) \(lib[^ ]*\)$/  {"\2", (void *) \&\2},/p'\'' -e '\''s/^[ABCDGIRSTW]* \([^ ]*\) \([^ ]*\)$/  {"lib\2", (void *) \&\2},/p'\'''
lt_cv_sys_global_symbol_to_cdecl='sed -n -e '\''s/^T .* \(.*\)$/extern int \1();/p'\'' -e '\''s/^[ABCDGIRSTW]* .* \(.*\)$/extern char \1;/p'\'''
lt_cv_sys_max_cmd_len=98304

## ----------------- ##
## Output variables. ##
## ----------------- ##

ACLOCAL='/usr/bin/aclocal'
AMDEPBACKSLASH='\'
AMDEP_FALSE='#'
AMDEP_TRUE=''
AMTAR='${SHELL} /home/rrafanel/COMPSsSrc/gsbuilder/missing --run tar'
AR='ar'
AUTOCONF='/usr/bin/autoconf'
AUTOHEADER='/usr/bin/autoheader'
AUTOMAKE='/usr/bin/automake'
AUTORECONF='/usr/bin/autoreconf'
AWK='gawk'
BASH='/bin/sh'
CAT='/bin/cat'
CC='gcc'
CCDEPMODE='depmode=none'
CFLAGS='-g -O2'
CHMOD='/bin/chmod'
CP='/bin/cp'
CPP='gcc -E'
CPPFLAGS=''
CXX='g++'
CXXCPP='g++ -E'
CXXDEPMODE='depmode=none'
CXXFLAGS='-g -O2'
CYGPATH_W='echo'
DEFS='-DPACKAGE_NAME=\"\" -DPACKAGE_TARNAME=\"\" -DPACKAGE_VERSION=\"\" -DPACKAGE_STRING=\"\" -DPACKAGE_BUGREPORT=\"\" -DPACKAGE=\"gridsuperscalar\" -DVERSION=\"0.0.0\" -DSTDC_HEADERS=1 -DHAVE_SYS_TYPES_H=1 -DHAVE_SYS_STAT_H=1 -DHAVE_STDLIB_H=1 -DHAVE_STRING_H=1 -DHAVE_MEMORY_H=1 -DHAVE_STRINGS_H=1 -DHAVE_INTTYPES_H=1 -DHAVE_STDINT_H=1 -DHAVE_UNISTD_H=1 -DHAVE_DLFCN_H=1 -DLT_OBJDIR=\".libs/\"'
DEPDIR='.deps'
DSYMUTIL=''
DUMPBIN=''
ECHO_C=''
ECHO_N='-n'
ECHO_T=''
EGREP='/usr/bin/grep -E'
EXEEXT=''
FGREP='/usr/bin/grep -F'
GREP='/usr/bin/grep'
INSTALL_DATA='${INSTALL} -m 644'
INSTALL_PROGRAM='${INSTALL}'
INSTALL_SCRIPT='${INSTALL}'
INSTALL_STRIP_PROGRAM='$(install_sh) -c -s'
IS_AIX=''
JAVA='/home/rrafanel/jdk1.6.0_07/bin/java'
LD='/usr/i586-suse-linux/bin/ld'
LDFLAGS=''
LIBOBJS=''
LIBS=''
LIBTOOL='$(SHELL) $(top_builddir)/libtool'
LIBTOOLIZE='/usr/bin/libtoolize'
LIPO=''
LL_MACHINE_LIST=''
LN_S='ln -s'
LTLIBOBJS=''
MAINT='#'
MAINTAINER_MODE_FALSE=''
MAINTAINER_MODE_TRUE='#'
MAKE='/usr/bin/make'
MAKEINFO='${SHELL} /home/rrafanel/COMPSsSrc/gsbuilder/missing --run makeinfo'
MKDIR='/bin/mkdir'
MV='/bin/mv'
NM='/usr/bin/nm -B'
NMEDIT=''
OBJEXT='o'
OTOOL64=''
OTOOL=''
PACKAGE='gridsuperscalar'
PACKAGE_BUGREPORT=''
PACKAGE_NAME=''
PACKAGE_STRING=''
PACKAGE_TARNAME=''
PACKAGE_VERSION=''
PATH_SEPARATOR=':'
PERL=''
QUEUE_SUBMIT_LL='none'
QUEUE_SUBMIT_MN='none'
QUEUE_SUBMIT_PBS='none'
RANLIB='ranlib'
RM='/bin/rm'
SED='/usr/bin/sed'
SET_MAKE=''
SHELL='/bin/sh'
SL_MACHINE_LIST=''
SRUN=''
SSH='/usr/bin/ssh'
STRIP='strip'
TOUCH='/usr/bin/touch'
VERSION='0.0.0'
ac_ct_CC='gcc'
ac_ct_CXX='g++'
ac_ct_DUMPBIN=''
ac_cv_use_classads=''
ac_cv_use_gs_prefix=''
ac_cv_use_gssperl_dir=''
ac_cv_use_perl=''
ac_rtpath='/usr/bin:/usr/i586-suse-linux/bin:'
am__fastdepCC_FALSE=''
am__fastdepCC_TRUE='#'
am__fastdepCXX_FALSE=''
am__fastdepCXX_TRUE='#'
am__include='include'
am__isrc=''
am__leading_dot='.'
am__quote=''
am__tar='${AMTAR} chof - "$$tardir"'
am__untar='${AMTAR} xf -'
bindir='${exec_prefix}/bin'
build='i686-pc-linux-gnu'
build_alias=''
build_cpu='i686'
build_os='linux-gnu'
build_vendor='pc'
copy_command='@SCP@'
copy_command_flags='-q -o StrictHostKeyChecking=no'
datadir='${datarootdir}'
datarootdir='${prefix}/share'
docdir='${datarootdir}/doc/${PACKAGE}'
dvidir='${docdir}'
exec_environment='GRID'
exec_prefix='${prefix}'
host='i686-pc-linux-gnu'
host_alias=''
host_cpu='i686'
host_os='linux-gnu'
host_vendor='pc'
htmldir='${docdir}'
includedir='${prefix}/include'
infodir='${datarootdir}/info'
install_sh='$(SHELL) /home/rrafanel/COMPSsSrc/gsbuilder/install-sh'
libdir='${exec_prefix}/lib'
libexecdir='${exec_prefix}/libexec'
localedir='${datarootdir}/locale'
localstatedir='${prefix}/var'
lt_ECHO='echo'
mandir='${datarootdir}/man'
mkdir_p='/bin/mkdir -p'
oldincludedir='/usr/include'
pdfdir='${docdir}'
prefix='/usr/local'
program_transform_name='s,x,x,'
psdir='${docdir}'
sbindir='${exec_prefix}/sbin'
sharedstatedir='${prefix}/com'
sysconfdir='${prefix}/etc'
target_alias=''
with_classads='no'

## ----------- ##
## confdefs.h. ##
## ----------- ##

#define PACKAGE_NAME ""
#define PACKAGE_TARNAME ""
#define PACKAGE_VERSION ""
#define PACKAGE_STRING ""
#define PACKAGE_BUGREPORT ""
#define PACKAGE "gridsuperscalar"
#define VERSION "0.0.0"
#define STDC_HEADERS 1
#define HAVE_SYS_TYPES_H 1
#define HAVE_SYS_STAT_H 1
#define HAVE_STDLIB_H 1
#define HAVE_STRING_H 1
#define HAVE_MEMORY_H 1
#define HAVE_STRINGS_H 1
#define HAVE_INTTYPES_H 1
#define HAVE_STDINT_H 1
#define HAVE_UNISTD_H 1
#define HAVE_DLFCN_H 1
#define LT_OBJDIR ".libs/"

configure: exit 0
